Build started 2014-12-14 18:23:42.
     1>Project "C:\Users\Arek\Documents\GitHub\OpenGL-games\PGK\PGK\PGK.vcxproj" on node 2 (Build target(s)).
     1>ClCompile:
         C:\Program Files (x86)\Microsoft Visual Studio 11.0\VC\bin\CL.exe /c /I"C:\Users\Arek\Documents\GitHub\OpenGL-games\PGK\\OpenGL_Wrappers\glfw-3.0.1.bin.WIN32\include" /I"C:\Users\Arek\Documents\GitHub\OpenGL-games\PGK\\OpenGL_Wrappers\glew-1.9.0\include" /I"C:\Users\Arek\Documents\GitHub\OpenGL-games\PGK\\OpenGL_Wrappers\common" /I"C:\Users\Arek\Documents\GitHub\OpenGL-games\PGK\\OpenGL_Wrappers\glm" /ZI /nologo /W3 /WX- /Od /Oy- /D WIN32 /D _DEBUG /D _CONSOLE /D _UNICODE /D UNICODE /Gm /EHsc /RTC1 /MDd /GS /fp:precise /Zc:wchar_t /Zc:forScope /Fo"Debug\\" /Fd"Debug\vc110.pdb" /Gd /TP /analyze- /errorReport:prompt ..\OpenGL_Wrappers\common\controls.cpp tutorial08.cpp
         controls.cpp
     1>c:\users\arek\documents\github\opengl-games\pgk\opengl_wrappers\common\controls.cpp(45): warning C4244: '+=' : conversion from 'double' to 'float', possible loss of data
     1>c:\users\arek\documents\github\opengl-games\pgk\opengl_wrappers\common\controls.cpp(46): warning C4244: '+=' : conversion from 'double' to 'float', possible loss of data
         GLM: perspective function taking degrees as a parameter is deprecated. #define GLM_FORCE_RADIANS before including GLM headers to remove this message.
         GLM: rotate function taking degrees as a parameter is deprecated. #define GLM_FORCE_RADIANS before including GLM headers to remove this message.
         Generating Code...
         Skipping... (no relevant changes detected)
         tutorial08.cpp
       Link:
         C:\Program Files (x86)\Microsoft Visual Studio 11.0\VC\bin\link.exe /ERRORREPORT:PROMPT /OUT:"C:\Users\Arek\Documents\GitHub\OpenGL-games\PGK\Debug\PGK.exe" /INCREMENTAL /NOLOGO /LIBPATH:"C:\Users\Arek\Documents\GitHub\OpenGL-games\PGK\\OpenGL_Wrappers\glfw-3.0.1.bin.WIN32\lib-msvc110" /LIBPATH:"C:\Users\Arek\Documents\GitHub\OpenGL-games\PGK\\OpenGL_Wrappers\glew-1.9.0\lib" opengl32.lib glu32.lib glew32.lib glfw3.lib kernel32.lib user32.lib gdi32.lib winspool.lib comdlg32.lib advapi32.lib shell32.lib ole32.lib oleaut32.lib uuid.lib odbc32.lib odbccp32.lib /MANIFEST /MANIFESTUAC:"level='asInvoker' uiAccess='false'" /manifest:embed /DEBUG /PDB:"C:\Users\Arek\Documents\GitHub\OpenGL-games\PGK\Debug\PGK.pdb" /SUBSYSTEM:CONSOLE /TLBID:1 /DYNAMICBASE /NXCOMPAT /IMPLIB:"C:\Users\Arek\Documents\GitHub\OpenGL-games\PGK\Debug\PGK.lib" /MACHINE:X86 Debug\controls.obj
         Debug\objloader.obj
         Debug\shader.obj
         Debug\text2D.obj
         Debug\texture.obj
         Debug\tutorial08.obj
         PGK.vcxproj -> C:\Users\Arek\Documents\GitHub\OpenGL-games\PGK\Debug\PGK.exe
     1>Done Building Project "C:\Users\Arek\Documents\GitHub\OpenGL-games\PGK\PGK\PGK.vcxproj" (Build target(s)).

Build succeeded.

Time Elapsed 00:00:01.97
