C:\USERS\AREK\DOCUMENTS\GITHUB\OPENGL-GAMES\PGK\PGK\DEBUG\CONTROLS.OBJ
C:\USERS\AREK\DOCUMENTS\GITHUB\OPENGL-GAMES\PGK\PGK\DEBUG\SHADER.OBJ
C:\USERS\AREK\DOCUMENTS\GITHUB\OPENGL-GAMES\PGK\PGK\DEBUG\TEXT2D.OBJ
C:\USERS\AREK\DOCUMENTS\GITHUB\OPENGL-GAMES\PGK\PGK\DEBUG\TEXTURE.OBJ
C:\USERS\AREK\DOCUMENTS\GITHUB\OPENGL-GAMES\PGK\PGK\DEBUG\MAIN.OBJ
C:\USERS\AREK\DOCUMENTS\GITHUB\OPENGL-GAMES\PGK\PGK\DEBUG\VC110.PDB
C:\USERS\AREK\DOCUMENTS\GITHUB\OPENGL-GAMES\PGK\DEBUG\PGK.ILK
C:\USERS\AREK\DOCUMENTS\GITHUB\OPENGL-GAMES\PGK\DEBUG\PGK.EXE
C:\USERS\AREK\DOCUMENTS\GITHUB\OPENGL-GAMES\PGK\DEBUG\PGK.PDB
C:\Users\Arek\Documents\GitHub\OpenGL-games\PGK\PGK\Debug\controls.obj
C:\Users\Arek\Documents\GitHub\OpenGL-games\PGK\PGK\Debug\shader.obj
C:\Users\Arek\Documents\GitHub\OpenGL-games\PGK\PGK\Debug\text2D.obj
C:\Users\Arek\Documents\GitHub\OpenGL-games\PGK\PGK\Debug\texture.obj
C:\Users\Arek\Documents\GitHub\OpenGL-games\PGK\PGK\Debug\cl.command.1.tlog
C:\Users\Arek\Documents\GitHub\OpenGL-games\PGK\PGK\Debug\CL.read.1.tlog
C:\Users\Arek\Documents\GitHub\OpenGL-games\PGK\PGK\Debug\CL.write.1.tlog
C:\Users\Arek\Documents\GitHub\OpenGL-games\PGK\PGK\Debug\link-cvtres.read.1.tlog
C:\Users\Arek\Documents\GitHub\OpenGL-games\PGK\PGK\Debug\link-cvtres.write.1.tlog
C:\Users\Arek\Documents\GitHub\OpenGL-games\PGK\PGK\Debug\link-rc.read.1.tlog
C:\Users\Arek\Documents\GitHub\OpenGL-games\PGK\PGK\Debug\link-rc.write.1.tlog
C:\Users\Arek\Documents\GitHub\OpenGL-games\PGK\PGK\Debug\link.1152-cvtres.read.1.tlog
C:\Users\Arek\Documents\GitHub\OpenGL-games\PGK\PGK\Debug\link.1152-cvtres.write.1.tlog
C:\Users\Arek\Documents\GitHub\OpenGL-games\PGK\PGK\Debug\link.1152-rc.read.1.tlog
C:\Users\Arek\Documents\GitHub\OpenGL-games\PGK\PGK\Debug\link.1152-rc.write.1.tlog
C:\Users\Arek\Documents\GitHub\OpenGL-games\PGK\PGK\Debug\link.1152.read.1.tlog
C:\Users\Arek\Documents\GitHub\OpenGL-games\PGK\PGK\Debug\link.1152.write.1.tlog
C:\Users\Arek\Documents\GitHub\OpenGL-games\PGK\PGK\Debug\link.1176-cvtres.read.1.tlog
C:\Users\Arek\Documents\GitHub\OpenGL-games\PGK\PGK\Debug\link.1176-cvtres.write.1.tlog
C:\Users\Arek\Documents\GitHub\OpenGL-games\PGK\PGK\Debug\link.1176-rc.read.1.tlog
C:\Users\Arek\Documents\GitHub\OpenGL-games\PGK\PGK\Debug\link.1176-rc.write.1.tlog
C:\Users\Arek\Documents\GitHub\OpenGL-games\PGK\PGK\Debug\link.1176.read.1.tlog
C:\Users\Arek\Documents\GitHub\OpenGL-games\PGK\PGK\Debug\link.1176.write.1.tlog
C:\Users\Arek\Documents\GitHub\OpenGL-games\PGK\PGK\Debug\link.1184-cvtres.read.1.tlog
C:\Users\Arek\Documents\GitHub\OpenGL-games\PGK\PGK\Debug\link.1184-cvtres.write.1.tlog
C:\Users\Arek\Documents\GitHub\OpenGL-games\PGK\PGK\Debug\link.1184-rc.read.1.tlog
C:\Users\Arek\Documents\GitHub\OpenGL-games\PGK\PGK\Debug\link.1184-rc.write.1.tlog
C:\Users\Arek\Documents\GitHub\OpenGL-games\PGK\PGK\Debug\link.1184.read.1.tlog
C:\Users\Arek\Documents\GitHub\OpenGL-games\PGK\PGK\Debug\link.1184.write.1.tlog
C:\Users\Arek\Documents\GitHub\OpenGL-games\PGK\PGK\Debug\link.1208-cvtres.read.1.tlog
C:\Users\Arek\Documents\GitHub\OpenGL-games\PGK\PGK\Debug\link.1208-cvtres.write.1.tlog
C:\Users\Arek\Documents\GitHub\OpenGL-games\PGK\PGK\Debug\link.1208-rc.read.1.tlog
C:\Users\Arek\Documents\GitHub\OpenGL-games\PGK\PGK\Debug\link.1208-rc.write.1.tlog
C:\Users\Arek\Documents\GitHub\OpenGL-games\PGK\PGK\Debug\link.1208.read.1.tlog
C:\Users\Arek\Documents\GitHub\OpenGL-games\PGK\PGK\Debug\link.1208.write.1.tlog
C:\Users\Arek\Documents\GitHub\OpenGL-games\PGK\PGK\Debug\link.1228-cvtres.read.1.tlog
C:\Users\Arek\Documents\GitHub\OpenGL-games\PGK\PGK\Debug\link.1228-cvtres.write.1.tlog
C:\Users\Arek\Documents\GitHub\OpenGL-games\PGK\PGK\Debug\link.1228-rc.read.1.tlog
C:\Users\Arek\Documents\GitHub\OpenGL-games\PGK\PGK\Debug\link.1228-rc.write.1.tlog
C:\Users\Arek\Documents\GitHub\OpenGL-games\PGK\PGK\Debug\link.1228.read.1.tlog
C:\Users\Arek\Documents\GitHub\OpenGL-games\PGK\PGK\Debug\link.1228.write.1.tlog
C:\Users\Arek\Documents\GitHub\OpenGL-games\PGK\PGK\Debug\link.1484-cvtres.read.1.tlog
C:\Users\Arek\Documents\GitHub\OpenGL-games\PGK\PGK\Debug\link.1484-cvtres.write.1.tlog
C:\Users\Arek\Documents\GitHub\OpenGL-games\PGK\PGK\Debug\link.1484-rc.read.1.tlog
C:\Users\Arek\Documents\GitHub\OpenGL-games\PGK\PGK\Debug\link.1484-rc.write.1.tlog
C:\Users\Arek\Documents\GitHub\OpenGL-games\PGK\PGK\Debug\link.1484.read.1.tlog
C:\Users\Arek\Documents\GitHub\OpenGL-games\PGK\PGK\Debug\link.1484.write.1.tlog
C:\Users\Arek\Documents\GitHub\OpenGL-games\PGK\PGK\Debug\link.2280-cvtres.read.1.tlog
C:\Users\Arek\Documents\GitHub\OpenGL-games\PGK\PGK\Debug\link.2280-cvtres.write.1.tlog
C:\Users\Arek\Documents\GitHub\OpenGL-games\PGK\PGK\Debug\link.2280-rc.read.1.tlog
C:\Users\Arek\Documents\GitHub\OpenGL-games\PGK\PGK\Debug\link.2280-rc.write.1.tlog
C:\Users\Arek\Documents\GitHub\OpenGL-games\PGK\PGK\Debug\link.2280.read.1.tlog
C:\Users\Arek\Documents\GitHub\OpenGL-games\PGK\PGK\Debug\link.2280.write.1.tlog
C:\Users\Arek\Documents\GitHub\OpenGL-games\PGK\PGK\Debug\link.2284-cvtres.read.1.tlog
C:\Users\Arek\Documents\GitHub\OpenGL-games\PGK\PGK\Debug\link.2284-cvtres.write.1.tlog
C:\Users\Arek\Documents\GitHub\OpenGL-games\PGK\PGK\Debug\link.2284-rc.read.1.tlog
C:\Users\Arek\Documents\GitHub\OpenGL-games\PGK\PGK\Debug\link.2284-rc.write.1.tlog
C:\Users\Arek\Documents\GitHub\OpenGL-games\PGK\PGK\Debug\link.2284.read.1.tlog
C:\Users\Arek\Documents\GitHub\OpenGL-games\PGK\PGK\Debug\link.2284.write.1.tlog
C:\Users\Arek\Documents\GitHub\OpenGL-games\PGK\PGK\Debug\link.2308-cvtres.read.1.tlog
C:\Users\Arek\Documents\GitHub\OpenGL-games\PGK\PGK\Debug\link.2308-cvtres.write.1.tlog
C:\Users\Arek\Documents\GitHub\OpenGL-games\PGK\PGK\Debug\link.2308-rc.read.1.tlog
C:\Users\Arek\Documents\GitHub\OpenGL-games\PGK\PGK\Debug\link.2308-rc.write.1.tlog
C:\Users\Arek\Documents\GitHub\OpenGL-games\PGK\PGK\Debug\link.2308.read.1.tlog
C:\Users\Arek\Documents\GitHub\OpenGL-games\PGK\PGK\Debug\link.2308.write.1.tlog
C:\Users\Arek\Documents\GitHub\OpenGL-games\PGK\PGK\Debug\link.2392-cvtres.read.1.tlog
C:\Users\Arek\Documents\GitHub\OpenGL-games\PGK\PGK\Debug\link.2392-cvtres.write.1.tlog
C:\Users\Arek\Documents\GitHub\OpenGL-games\PGK\PGK\Debug\link.2392-rc.read.1.tlog
C:\Users\Arek\Documents\GitHub\OpenGL-games\PGK\PGK\Debug\link.2392-rc.write.1.tlog
C:\Users\Arek\Documents\GitHub\OpenGL-games\PGK\PGK\Debug\link.2392.read.1.tlog
C:\Users\Arek\Documents\GitHub\OpenGL-games\PGK\PGK\Debug\link.2392.write.1.tlog
C:\Users\Arek\Documents\GitHub\OpenGL-games\PGK\PGK\Debug\link.2588-cvtres.read.1.tlog
C:\Users\Arek\Documents\GitHub\OpenGL-games\PGK\PGK\Debug\link.2588-cvtres.write.1.tlog
C:\Users\Arek\Documents\GitHub\OpenGL-games\PGK\PGK\Debug\link.2588-rc.read.1.tlog
C:\Users\Arek\Documents\GitHub\OpenGL-games\PGK\PGK\Debug\link.2588-rc.write.1.tlog
C:\Users\Arek\Documents\GitHub\OpenGL-games\PGK\PGK\Debug\link.2588.read.1.tlog
C:\Users\Arek\Documents\GitHub\OpenGL-games\PGK\PGK\Debug\link.2588.write.1.tlog
C:\Users\Arek\Documents\GitHub\OpenGL-games\PGK\PGK\Debug\link.2648-cvtres.read.1.tlog
C:\Users\Arek\Documents\GitHub\OpenGL-games\PGK\PGK\Debug\link.2648-cvtres.write.1.tlog
C:\Users\Arek\Documents\GitHub\OpenGL-games\PGK\PGK\Debug\link.2648-rc.read.1.tlog
C:\Users\Arek\Documents\GitHub\OpenGL-games\PGK\PGK\Debug\link.2648-rc.write.1.tlog
C:\Users\Arek\Documents\GitHub\OpenGL-games\PGK\PGK\Debug\link.2648.read.1.tlog
C:\Users\Arek\Documents\GitHub\OpenGL-games\PGK\PGK\Debug\link.2648.write.1.tlog
C:\Users\Arek\Documents\GitHub\OpenGL-games\PGK\PGK\Debug\link.3088-cvtres.read.1.tlog
C:\Users\Arek\Documents\GitHub\OpenGL-games\PGK\PGK\Debug\link.3088-cvtres.write.1.tlog
C:\Users\Arek\Documents\GitHub\OpenGL-games\PGK\PGK\Debug\link.3088-rc.read.1.tlog
C:\Users\Arek\Documents\GitHub\OpenGL-games\PGK\PGK\Debug\link.3088-rc.write.1.tlog
C:\Users\Arek\Documents\GitHub\OpenGL-games\PGK\PGK\Debug\link.3088.read.1.tlog
C:\Users\Arek\Documents\GitHub\OpenGL-games\PGK\PGK\Debug\link.3088.write.1.tlog
C:\Users\Arek\Documents\GitHub\OpenGL-games\PGK\PGK\Debug\link.3172-cvtres.read.1.tlog
C:\Users\Arek\Documents\GitHub\OpenGL-games\PGK\PGK\Debug\link.3172-cvtres.write.1.tlog
C:\Users\Arek\Documents\GitHub\OpenGL-games\PGK\PGK\Debug\link.3172-rc.read.1.tlog
C:\Users\Arek\Documents\GitHub\OpenGL-games\PGK\PGK\Debug\link.3172-rc.write.1.tlog
C:\Users\Arek\Documents\GitHub\OpenGL-games\PGK\PGK\Debug\link.3172.read.1.tlog
C:\Users\Arek\Documents\GitHub\OpenGL-games\PGK\PGK\Debug\link.3172.write.1.tlog
C:\Users\Arek\Documents\GitHub\OpenGL-games\PGK\PGK\Debug\link.3256-cvtres.read.1.tlog
C:\Users\Arek\Documents\GitHub\OpenGL-games\PGK\PGK\Debug\link.3256-cvtres.write.1.tlog
C:\Users\Arek\Documents\GitHub\OpenGL-games\PGK\PGK\Debug\link.3256-rc.read.1.tlog
C:\Users\Arek\Documents\GitHub\OpenGL-games\PGK\PGK\Debug\link.3256-rc.write.1.tlog
C:\Users\Arek\Documents\GitHub\OpenGL-games\PGK\PGK\Debug\link.3256.read.1.tlog
C:\Users\Arek\Documents\GitHub\OpenGL-games\PGK\PGK\Debug\link.3256.write.1.tlog
C:\Users\Arek\Documents\GitHub\OpenGL-games\PGK\PGK\Debug\link.3860-cvtres.read.1.tlog
C:\Users\Arek\Documents\GitHub\OpenGL-games\PGK\PGK\Debug\link.3860-cvtres.write.1.tlog
C:\Users\Arek\Documents\GitHub\OpenGL-games\PGK\PGK\Debug\link.3860-rc.read.1.tlog
C:\Users\Arek\Documents\GitHub\OpenGL-games\PGK\PGK\Debug\link.3860-rc.write.1.tlog
C:\Users\Arek\Documents\GitHub\OpenGL-games\PGK\PGK\Debug\link.3860.read.1.tlog
C:\Users\Arek\Documents\GitHub\OpenGL-games\PGK\PGK\Debug\link.3860.write.1.tlog
C:\Users\Arek\Documents\GitHub\OpenGL-games\PGK\PGK\Debug\link.4100-cvtres.read.1.tlog
C:\Users\Arek\Documents\GitHub\OpenGL-games\PGK\PGK\Debug\link.4100-cvtres.write.1.tlog
C:\Users\Arek\Documents\GitHub\OpenGL-games\PGK\PGK\Debug\link.4100-rc.read.1.tlog
C:\Users\Arek\Documents\GitHub\OpenGL-games\PGK\PGK\Debug\link.4100-rc.write.1.tlog
C:\Users\Arek\Documents\GitHub\OpenGL-games\PGK\PGK\Debug\link.4100.read.1.tlog
C:\Users\Arek\Documents\GitHub\OpenGL-games\PGK\PGK\Debug\link.4100.write.1.tlog
C:\Users\Arek\Documents\GitHub\OpenGL-games\PGK\PGK\Debug\link.424-cvtres.read.1.tlog
C:\Users\Arek\Documents\GitHub\OpenGL-games\PGK\PGK\Debug\link.424-cvtres.write.1.tlog
C:\Users\Arek\Documents\GitHub\OpenGL-games\PGK\PGK\Debug\link.424-rc.read.1.tlog
C:\Users\Arek\Documents\GitHub\OpenGL-games\PGK\PGK\Debug\link.424-rc.write.1.tlog
C:\Users\Arek\Documents\GitHub\OpenGL-games\PGK\PGK\Debug\link.424.read.1.tlog
C:\Users\Arek\Documents\GitHub\OpenGL-games\PGK\PGK\Debug\link.424.write.1.tlog
C:\Users\Arek\Documents\GitHub\OpenGL-games\PGK\PGK\Debug\link.4248-cvtres.read.1.tlog
C:\Users\Arek\Documents\GitHub\OpenGL-games\PGK\PGK\Debug\link.4248-cvtres.write.1.tlog
C:\Users\Arek\Documents\GitHub\OpenGL-games\PGK\PGK\Debug\link.4248-rc.read.1.tlog
C:\Users\Arek\Documents\GitHub\OpenGL-games\PGK\PGK\Debug\link.4248-rc.write.1.tlog
C:\Users\Arek\Documents\GitHub\OpenGL-games\PGK\PGK\Debug\link.4248.read.1.tlog
C:\Users\Arek\Documents\GitHub\OpenGL-games\PGK\PGK\Debug\link.4248.write.1.tlog
C:\Users\Arek\Documents\GitHub\OpenGL-games\PGK\PGK\Debug\link.4256-cvtres.read.1.tlog
C:\Users\Arek\Documents\GitHub\OpenGL-games\PGK\PGK\Debug\link.4256-cvtres.write.1.tlog
C:\Users\Arek\Documents\GitHub\OpenGL-games\PGK\PGK\Debug\link.4256-rc.read.1.tlog
C:\Users\Arek\Documents\GitHub\OpenGL-games\PGK\PGK\Debug\link.4256-rc.write.1.tlog
C:\Users\Arek\Documents\GitHub\OpenGL-games\PGK\PGK\Debug\link.4256.read.1.tlog
C:\Users\Arek\Documents\GitHub\OpenGL-games\PGK\PGK\Debug\link.4256.write.1.tlog
C:\Users\Arek\Documents\GitHub\OpenGL-games\PGK\PGK\Debug\link.4340-cvtres.read.1.tlog
C:\Users\Arek\Documents\GitHub\OpenGL-games\PGK\PGK\Debug\link.4340-cvtres.write.1.tlog
C:\Users\Arek\Documents\GitHub\OpenGL-games\PGK\PGK\Debug\link.4340-rc.read.1.tlog
C:\Users\Arek\Documents\GitHub\OpenGL-games\PGK\PGK\Debug\link.4340-rc.write.1.tlog
C:\Users\Arek\Documents\GitHub\OpenGL-games\PGK\PGK\Debug\link.4340.read.1.tlog
C:\Users\Arek\Documents\GitHub\OpenGL-games\PGK\PGK\Debug\link.4340.write.1.tlog
C:\Users\Arek\Documents\GitHub\OpenGL-games\PGK\PGK\Debug\link.5320-cvtres.read.1.tlog
C:\Users\Arek\Documents\GitHub\OpenGL-games\PGK\PGK\Debug\link.5320-cvtres.write.1.tlog
C:\Users\Arek\Documents\GitHub\OpenGL-games\PGK\PGK\Debug\link.5320-rc.read.1.tlog
C:\Users\Arek\Documents\GitHub\OpenGL-games\PGK\PGK\Debug\link.5320-rc.write.1.tlog
C:\Users\Arek\Documents\GitHub\OpenGL-games\PGK\PGK\Debug\link.5320.read.1.tlog
C:\Users\Arek\Documents\GitHub\OpenGL-games\PGK\PGK\Debug\link.5320.write.1.tlog
C:\Users\Arek\Documents\GitHub\OpenGL-games\PGK\PGK\Debug\link.5648-cvtres.read.1.tlog
C:\Users\Arek\Documents\GitHub\OpenGL-games\PGK\PGK\Debug\link.5648-cvtres.write.1.tlog
C:\Users\Arek\Documents\GitHub\OpenGL-games\PGK\PGK\Debug\link.5648-rc.read.1.tlog
C:\Users\Arek\Documents\GitHub\OpenGL-games\PGK\PGK\Debug\link.5648-rc.write.1.tlog
C:\Users\Arek\Documents\GitHub\OpenGL-games\PGK\PGK\Debug\link.5648.read.1.tlog
C:\Users\Arek\Documents\GitHub\OpenGL-games\PGK\PGK\Debug\link.5648.write.1.tlog
C:\Users\Arek\Documents\GitHub\OpenGL-games\PGK\PGK\Debug\link.5664-cvtres.read.1.tlog
C:\Users\Arek\Documents\GitHub\OpenGL-games\PGK\PGK\Debug\link.5664-cvtres.write.1.tlog
C:\Users\Arek\Documents\GitHub\OpenGL-games\PGK\PGK\Debug\link.5664-rc.read.1.tlog
C:\Users\Arek\Documents\GitHub\OpenGL-games\PGK\PGK\Debug\link.5664-rc.write.1.tlog
C:\Users\Arek\Documents\GitHub\OpenGL-games\PGK\PGK\Debug\link.5664.read.1.tlog
C:\Users\Arek\Documents\GitHub\OpenGL-games\PGK\PGK\Debug\link.5664.write.1.tlog
C:\Users\Arek\Documents\GitHub\OpenGL-games\PGK\PGK\Debug\link.5896-cvtres.read.1.tlog
C:\Users\Arek\Documents\GitHub\OpenGL-games\PGK\PGK\Debug\link.5896-cvtres.write.1.tlog
C:\Users\Arek\Documents\GitHub\OpenGL-games\PGK\PGK\Debug\link.5896-rc.read.1.tlog
C:\Users\Arek\Documents\GitHub\OpenGL-games\PGK\PGK\Debug\link.5896-rc.write.1.tlog
C:\Users\Arek\Documents\GitHub\OpenGL-games\PGK\PGK\Debug\link.5896.read.1.tlog
C:\Users\Arek\Documents\GitHub\OpenGL-games\PGK\PGK\Debug\link.5896.write.1.tlog
C:\Users\Arek\Documents\GitHub\OpenGL-games\PGK\PGK\Debug\link.5900-cvtres.read.1.tlog
C:\Users\Arek\Documents\GitHub\OpenGL-games\PGK\PGK\Debug\link.5900-cvtres.write.1.tlog
C:\Users\Arek\Documents\GitHub\OpenGL-games\PGK\PGK\Debug\link.5900-rc.read.1.tlog
C:\Users\Arek\Documents\GitHub\OpenGL-games\PGK\PGK\Debug\link.5900-rc.write.1.tlog
C:\Users\Arek\Documents\GitHub\OpenGL-games\PGK\PGK\Debug\link.5900.read.1.tlog
C:\Users\Arek\Documents\GitHub\OpenGL-games\PGK\PGK\Debug\link.5900.write.1.tlog
C:\Users\Arek\Documents\GitHub\OpenGL-games\PGK\PGK\Debug\link.5916-cvtres.read.1.tlog
C:\Users\Arek\Documents\GitHub\OpenGL-games\PGK\PGK\Debug\link.5916-cvtres.write.1.tlog
C:\Users\Arek\Documents\GitHub\OpenGL-games\PGK\PGK\Debug\link.5916-rc.read.1.tlog
C:\Users\Arek\Documents\GitHub\OpenGL-games\PGK\PGK\Debug\link.5916-rc.write.1.tlog
C:\Users\Arek\Documents\GitHub\OpenGL-games\PGK\PGK\Debug\link.5916.read.1.tlog
C:\Users\Arek\Documents\GitHub\OpenGL-games\PGK\PGK\Debug\link.5916.write.1.tlog
C:\Users\Arek\Documents\GitHub\OpenGL-games\PGK\PGK\Debug\link.6032-cvtres.read.1.tlog
C:\Users\Arek\Documents\GitHub\OpenGL-games\PGK\PGK\Debug\link.6032-cvtres.write.1.tlog
C:\Users\Arek\Documents\GitHub\OpenGL-games\PGK\PGK\Debug\link.6032-rc.read.1.tlog
C:\Users\Arek\Documents\GitHub\OpenGL-games\PGK\PGK\Debug\link.6032-rc.write.1.tlog
C:\Users\Arek\Documents\GitHub\OpenGL-games\PGK\PGK\Debug\link.6032.read.1.tlog
C:\Users\Arek\Documents\GitHub\OpenGL-games\PGK\PGK\Debug\link.6032.write.1.tlog
C:\Users\Arek\Documents\GitHub\OpenGL-games\PGK\PGK\Debug\link.876-cvtres.read.1.tlog
C:\Users\Arek\Documents\GitHub\OpenGL-games\PGK\PGK\Debug\link.876-cvtres.write.1.tlog
C:\Users\Arek\Documents\GitHub\OpenGL-games\PGK\PGK\Debug\link.876-rc.read.1.tlog
C:\Users\Arek\Documents\GitHub\OpenGL-games\PGK\PGK\Debug\link.876-rc.write.1.tlog
C:\Users\Arek\Documents\GitHub\OpenGL-games\PGK\PGK\Debug\link.876.read.1.tlog
C:\Users\Arek\Documents\GitHub\OpenGL-games\PGK\PGK\Debug\link.876.write.1.tlog
C:\Users\Arek\Documents\GitHub\OpenGL-games\PGK\PGK\Debug\link.command.1.tlog
C:\Users\Arek\Documents\GitHub\OpenGL-games\PGK\PGK\Debug\link.read.1.tlog
C:\Users\Arek\Documents\GitHub\OpenGL-games\PGK\PGK\Debug\link.write.1.tlog
C:\Users\Arek\Documents\GitHub\OpenGL-games\PGK\PGK\Debug\vc110.idb
C:\Users\Arek\Documents\GitHub\OpenGL-games\PGK\PGK\Debug\vc110.pdb
C:\Users\Arek\Documents\GitHub\OpenGL-games\PGK\Debug\PGK.pdb
C:\Users\Arek\Documents\GitHub\OpenGL-games\PGK\Debug\PGK.exe
C:\Users\Arek\Documents\GitHub\OpenGL-games\PGK\Debug\PGK.ilk
